<?xml version="1.0" encoding="UTF-8"?>
<!-- Generated by org.testng.reporters.JUnitReportReporter -->
<testsuite skipped="0" hostname="DESKTOP-77T8OHD" name="com.jotform.form.AppTest" tests="1" failures="0" timestamp="23 Dec 2021 15:19:57 GMT" time="0.016" errors="0">
  <testcase name="shouldAnswerWithTrue" time="0.016" classname="com.jotform.form.AppTest"/>
</testsuite> <!-- com.jotform.form.AppTest -->
